{
  "stats": {
    "suites": 1,
    "tests": 1,
    "passes": 1,
    "pending": 0,
    "failures": 0,
    "start": "2025-02-17T10:28:44.891Z",
    "end": "2025-02-17T10:28:53.959Z",
    "duration": 9068,
    "testsRegistered": 1,
    "passPercent": 100,
    "pendingPercent": 0,
    "other": 0,
    "hasOther": false,
    "skipped": 0,
    "hasSkipped": false
  },
  "results": [
    {
      "uuid": "3dbe2ee9-547f-4c59-9723-4c95742a55d0",
      "title": "",
      "fullFile": "cypress\\e2e\\saucedemo-tests\\saucedemologinpomtest.cy.js",
      "file": "cypress\\e2e\\saucedemo-tests\\saucedemologinpomtest.cy.js",
      "beforeHooks": [],
      "afterHooks": [],
      "tests": [],
      "suites": [
        {
          "uuid": "425027ab-b2e5-404c-8d5a-4ae0a622a474",
          "title": "Sauce Demo Login",
          "fullFile": "",
          "file": "",
          "beforeHooks": [],
          "afterHooks": [],
          "tests": [
            {
              "title": "should succecssfully loging and take you to the right page",
              "fullTitle": "Sauce Demo Login should succecssfully loging and take you to the right page",
              "timedOut": null,
              "duration": 5182,
              "state": "passed",
              "speed": "medium",
              "pass": true,
              "fail": false,
              "pending": false,
              "context": null,
              "code": "const saucedemologinpage = new _login.default();\nsaucedemologinpage.login('standard_user', 'secret_sauce');\ncy.url().should('include', '/inventory.html');",
              "err": {},
              "uuid": "bbe17b03-4c21-4c45-986c-72458874c31e",
              "parentUUID": "425027ab-b2e5-404c-8d5a-4ae0a622a474",
              "isHook": false,
              "skipped": false
            }
          ],
          "suites": [],
          "passes": [
            "bbe17b03-4c21-4c45-986c-72458874c31e"
          ],
          "failures": [],
          "pending": [],
          "skipped": [],
          "duration": 5182,
          "root": false,
          "rootEmpty": false,
          "_timeout": 2000
        }
      ],
      "passes": [],
      "failures": [],
      "pending": [],
      "skipped": [],
      "duration": 0,
      "root": true,
      "rootEmpty": true,
      "_timeout": 2000
    }
  ],
  "meta": {
    "mocha": {
      "version": "7.0.1"
    },
    "mochawesome": {
      "options": {
        "quiet": false,
        "reportFilename": "mochawesome",
        "saveHtml": false,
        "saveJson": true,
        "consoleReporter": "spec",
        "useInlineDiffs": false,
        "code": true
      },
      "version": "7.1.3"
    },
    "marge": {
      "options": {
        "overwrite": false,
        "html": false,
        "json": true,
        "reportDir": "cypress\\reports\\html\\.jsons"
      },
      "version": "6.2.0"
    }
  }
}